<?xml version="1.0" encoding="UTF-8"?>
<testsuite name="com.avanti.swtest.api.IssApiTest" tests="2" skipped="0" failures="0" errors="0" timestamp="2020-04-12T23:33:43" hostname="yesid-spectre-x360-ubuntu" time="0.009">
  <properties/>
  <testcase name="calculateDistanceTest" classname="com.avanti.swtest.api.IssApiTest" time="0.005"/>
  <testcase name="currentPositionTest" classname="com.avanti.swtest.api.IssApiTest" time="0.003"/>
  <system-out><![CDATA[00:33:40.879 [Test worker] DEBUG org.springframework.test.context.junit4.SpringJUnit4ClassRunner - SpringJUnit4ClassRunner constructor called with [class com.avanti.swtest.api.IssApiTest]
00:33:40.882 [Test worker] DEBUG org.springframework.test.context.BootstrapUtils - Instantiating CacheAwareContextLoaderDelegate from class [org.springframework.test.context.cache.DefaultCacheAwareContextLoaderDelegate]
00:33:40.887 [Test worker] DEBUG org.springframework.test.context.BootstrapUtils - Instantiating BootstrapContext using constructor [public org.springframework.test.context.support.DefaultBootstrapContext(java.lang.Class,org.springframework.test.context.CacheAwareContextLoaderDelegate)]
00:33:40.901 [Test worker] DEBUG org.springframework.test.context.BootstrapUtils - Instantiating TestContextBootstrapper for test class [com.avanti.swtest.api.IssApiTest] from class [org.springframework.boot.test.context.SpringBootTestContextBootstrapper]
00:33:40.914 [Test worker] INFO org.springframework.boot.test.context.SpringBootTestContextBootstrapper - Neither @ContextConfiguration nor @ContextHierarchy found for test class [com.avanti.swtest.api.IssApiTest], using SpringBootContextLoader
00:33:40.916 [Test worker] DEBUG org.springframework.test.context.support.AbstractContextLoader - Did not detect default resource location for test class [com.avanti.swtest.api.IssApiTest]: class path resource [com/avanti/swtest/api/IssApiTest-context.xml] does not exist
00:33:40.916 [Test worker] DEBUG org.springframework.test.context.support.AbstractContextLoader - Did not detect default resource location for test class [com.avanti.swtest.api.IssApiTest]: class path resource [com/avanti/swtest/api/IssApiTestContext.groovy] does not exist
00:33:40.916 [Test worker] INFO org.springframework.test.context.support.AbstractContextLoader - Could not detect default resource locations for test class [com.avanti.swtest.api.IssApiTest]: no resource found for suffixes {-context.xml, Context.groovy}.
00:33:40.917 [Test worker] INFO org.springframework.test.context.support.AnnotationConfigContextLoaderUtils - Could not detect default configuration classes for test class [com.avanti.swtest.api.IssApiTest]: IssApiTest does not declare any static, non-private, non-final, nested classes annotated with @Configuration.
00:33:40.950 [Test worker] DEBUG org.springframework.test.context.support.ActiveProfilesUtils - Could not find an 'annotation declaring class' for annotation type [org.springframework.test.context.ActiveProfiles] and class [com.avanti.swtest.api.IssApiTest]
00:33:40.959 [Test worker] DEBUG org.springframework.core.env.StandardEnvironment - Adding PropertySource 'systemProperties' with lowest search precedence
00:33:40.959 [Test worker] DEBUG org.springframework.core.env.StandardEnvironment - Adding PropertySource 'systemEnvironment' with lowest search precedence
00:33:40.960 [Test worker] DEBUG org.springframework.core.env.StandardEnvironment - Initialized StandardEnvironment with PropertySources [MapPropertySource@445634220 {name='systemProperties', properties={java.runtime.name=Java(TM) SE Runtime Environment, sun.boot.library.path=/opt/jdk1.8.0_151/jre/lib/amd64, java.vm.version=25.151-b12, java.vm.vendor=Oracle Corporation, java.vendor.url=http://java.oracle.com/, path.separator=:, java.vm.name=Java HotSpot(TM) 64-Bit Server VM, file.encoding.pkg=sun.io, sun.java.launcher=SUN_STANDARD, user.country=US, sun.os.patch.level=unknown, java.vm.specification.name=Java Virtual Machine Specification, user.dir=/home/yesid/Documents/workspace-sts-3.9.9.RELEASE/swtest, java.runtime.version=1.8.0_151-b12, java.awt.graphicsenv=sun.awt.X11GraphicsEnvironment, java.endorsed.dirs=/opt/jdk1.8.0_151/jre/lib/endorsed, os.arch=amd64, java.io.tmpdir=/tmp, line.separator=
, java.vm.specification.vendor=Oracle Corporation, user.variant=, os.name=Linux, sun.jnu.encoding=UTF-8, java.library.path=/usr/java/packages/lib/amd64:/usr/lib64:/lib64:/lib:/usr/lib, java.specification.name=Java Platform API Specification, java.class.version=52.0, sun.management.compiler=HotSpot 64-Bit Tiered Compilers, os.version=4.15.0-96-generic, user.home=/home/yesid, user.timezone=Europe/London, java.awt.printerjob=sun.print.PSPrinterJob, file.encoding=UTF-8, java.specification.version=1.8, java.class.path=/home/yesid/Documents/workspace-sts-3.9.9.RELEASE/swtest/build/classes/test:/home/yesid/Documents/workspace-sts-3.9.9.RELEASE/swtest/build/resources/test:/home/yesid/Documents/workspace-sts-3.9.9.RELEASE/swtest/build/classes/main:/home/yesid/Documents/workspace-sts-3.9.9.RELEASE/swtest/build/resources/main:/home/yesid/.gradle/caches/modules-2/files-2.1/org.springframework.boot/spring-boot-starter-web/1.5.21.RELEASE/8e56fe185ac8ed0a5061449362daa2176661ae0f/spring-boot-starter-web-1.5.21.RELEASE.jar:/home/yesid/.gradle/caches/modules-2/files-2.1/org.springframework.boot/spring-boot-starter-test/1.5.21.RELEASE/835a0604b81185fd16fa63db55254bed9f7d5ec4/spring-boot-starter-test-1.5.21.RELEASE.jar:/home/yesid/.gradle/caches/modules-2/files-2.1/com.fasterxml.jackson.core/jackson-databind/2.8.11.3/844df5aba5a1a56e00905b165b12bb34116ee858/jackson-databind-2.8.11.3.jar:/home/yesid/.gradle/caches/modules-2/files-2.1/org.springframework.boot/spring-boot-starter/1.5.21.RELEASE/81390f36f14691a0e92a579ea3cc7ed5090ac07c/spring-boot-starter-1.5.21.RELEASE.jar:/home/yesid/.gradle/caches/modules-2/files-2.1/org.springframework.boot/spring-boot-starter-tomcat/1.5.21.RELEASE/28b3ac0b242ecc6e7f4db565f9a397b1ebb6656d/spring-boot-starter-tomcat-1.5.21.RELEASE.jar:/home/yesid/.gradle/caches/modules-2/files-2.1/org.hibernate/hibernate-validator/5.3.6.Final/4c730be8bf55a8e9a61e79a2f2c079abf48b718/hibernate-validator-5.3.6.Final.jar:/home/yesid/.gradle/caches/modules-2/files-2.1/org.springframework/spring-web/4.3.24.RELEASE/6b7b238a2b9bf126c262a43a340c1aabaac02447/spring-web-4.3.24.RELEASE.jar:/home/yesid/.gradle/caches/modules-2/files-2.1/org.springframework/spring-webmvc/4.3.24.RELEASE/94a9ab10c8e321e1908dfdcd340f72c1078eeb9b/spring-webmvc-4.3.24.RELEASE.jar:/home/yesid/.gradle/caches/modules-2/files-2.1/org.springframework.boot/spring-boot-test/1.5.21.RELEASE/d5212c795b4f278fa9e9fc6fd622f4acd53225c0/spring-boot-test-1.5.21.RELEASE.jar:/home/yesid/.gradle/caches/modules-2/files-2.1/org.springframework.boot/spring-boot-test-autoconfigure/1.5.21.RELEASE/e91a49d7000511e00fad1cdcd3276fb80836700/spring-boot-test-autoconfigure-1.5.21.RELEASE.jar:/home/yesid/.gradle/caches/modules-2/files-2.1/com.jayway.jsonpath/json-path/2.2.0/22290d17944bd239fabf5ac69005a60a7ecbbbcb/json-path-2.2.0.jar:/home/yesid/.gradle/caches/modules-2/files-2.1/junit/junit/4.12/2973d150c0dc1fefe998f834810d68f278ea58ec/junit-4.12.jar:/home/yesid/.gradle/caches/modules-2/files-2.1/org.assertj/assertj-core/2.6.0/b532c3fc4f66bcfee4989a3514f1cd56203a33ad/assertj-core-2.6.0.jar:/home/yesid/.gradle/caches/modules-2/files-2.1/org.mockito/mockito-core/1.10.19/e8546f5bef4e061d8dd73895b4e8f40e3fe6effe/mockito-core-1.10.19.jar:/home/yesid/.gradle/caches/modules-2/files-2.1/org.hamcrest/hamcrest-core/1.3/42a25dc3219429f0e5d060061f71acb49bf010a0/hamcrest-core-1.3.jar:/home/yesid/.gradle/caches/modules-2/files-2.1/org.hamcrest/hamcrest-library/1.3/4785a3c21320980282f9f33d0d1264a69040538f/hamcrest-library-1.3.jar:/home/yesid/.gradle/caches/modules-2/files-2.1/org.skyscreamer/jsonassert/1.4.0/9cdbb373a06f6513e51e8c545ee6a5e981463edb/jsonassert-1.4.0.jar:/home/yesid/.gradle/caches/modules-2/files-2.1/org.springframework/spring-core/4.3.24.RELEASE/bb5a008df42823caca680824245d0398567da2e5/spring-core-4.3.24.RELEASE.jar:/home/yesid/.gradle/caches/modules-2/files-2.1/org.springframework/spring-test/4.3.24.RELEASE/2982cea0e917044294b6eb87d8e86e78a43feca3/spring-test-4.3.24.RELEASE.jar:/home/yesid/.gradle/caches/modules-2/files-2.1/com.fasterxml.jackson.core/jackson-annotations/2.8.0/45b426f7796b741035581a176744d91090e2e6fb/jackson-annotations-2.8.0.jar:/home/yesid/.gradle/caches/modules-2/files-2.1/com.fasterxml.jackson.core/jackson-core/2.8.11/876ead1db19f0c9e79c9789273a3ef8c6fd6c29b/jackson-core-2.8.11.jar:/home/yesid/.gradle/caches/modules-2/files-2.1/org.springframework.boot/spring-boot/1.5.21.RELEASE/bb45ab54024ea92630c7b134755a1e7ab3e16779/spring-boot-1.5.21.RELEASE.jar:/home/yesid/.gradle/caches/modules-2/files-2.1/org.springframework.boot/spring-boot-autoconfigure/1.5.21.RELEASE/b82cf22fa4256c7d196187cde38d11a49d1d10fb/spring-boot-autoconfigure-1.5.21.RELEASE.jar:/home/yesid/.gradle/caches/modules-2/files-2.1/org.springframework.boot/spring-boot-starter-logging/1.5.21.RELEASE/9d75e9c0e4b0def21878fde40e36367a62bee4c0/spring-boot-starter-logging-1.5.21.RELEASE.jar:/home/yesid/.gradle/caches/modules-2/files-2.1/org.yaml/snakeyaml/1.17/7a27ea250c5130b2922b86dea63cbb1cc10a660c/snakeyaml-1.17.jar:/home/yesid/.gradle/caches/modules-2/files-2.1/org.apache.tomcat.embed/tomcat-embed-core/8.5.40/c2252334e4de59419627a42db1196171ee50049a/tomcat-embed-core-8.5.40.jar:/home/yesid/.gradle/caches/modules-2/files-2.1/org.apache.tomcat.embed/tomcat-embed-el/8.5.40/1f36bb6f2770d94a4758d93820a5bb5c722c6600/tomcat-embed-el-8.5.40.jar:/home/yesid/.gradle/caches/modules-2/files-2.1/org.apache.tomcat.embed/tomcat-embed-websocket/8.5.40/250bf6b3839f8c710a46bfecc8bb461d7e42bfcb/tomcat-embed-websocket-8.5.40.jar:/home/yesid/.gradle/caches/modules-2/files-2.1/javax.validation/validation-api/1.1.0.Final/8613ae82954779d518631e05daa73a6a954817d5/validation-api-1.1.0.Final.jar:/home/yesid/.gradle/caches/modules-2/files-2.1/org.jboss.logging/jboss-logging/3.3.2.Final/3789d00e859632e6c6206adc0c71625559e6e3b0/jboss-logging-3.3.2.Final.jar:/home/yesid/.gradle/caches/modules-2/files-2.1/com.fasterxml/classmate/1.3.4/3d5f48f10bbe4eb7bd862f10c0583be2e0053c6/classmate-1.3.4.jar:/home/yesid/.gradle/caches/modules-2/files-2.1/org.springframework/spring-aop/4.3.24.RELEASE/5a8b8a8768cc4f18e082e1e2f6c1fd72b1deb610/spring-aop-4.3.24.RELEASE.jar:/home/yesid/.gradle/caches/modules-2/files-2.1/org.springframework/spring-beans/4.3.24.RELEASE/522adf0f0973188ce5b4e17fd214cceb5c1904fa/spring-beans-4.3.24.RELEASE.jar:/home/yesid/.gradle/caches/modules-2/files-2.1/org.springframework/spring-context/4.3.24.RELEASE/926edb9495a34a3b687add073ee72d2b856d6895/spring-context-4.3.24.RELEASE.jar:/home/yesid/.gradle/caches/modules-2/files-2.1/org.springframework/spring-expression/4.3.24.RELEASE/458aa5086c378489dde64566a25925823159b6e6/spring-expression-4.3.24.RELEASE.jar:/home/yesid/.gradle/caches/modules-2/files-2.1/net.minidev/json-smart/2.2.1/5b9e5df7a62d1279b70dc882b041d249c4f0b002/json-smart-2.2.1.jar:/home/yesid/.gradle/caches/modules-2/files-2.1/org.slf4j/slf4j-api/1.7.26/77100a62c2e6f04b53977b9f541044d7d722693d/slf4j-api-1.7.26.jar:/home/yesid/.gradle/caches/modules-2/files-2.1/org.objenesis/objenesis/2.1/87c0ea803b69252868d09308b4618f766f135a96/objenesis-2.1.jar:/home/yesid/.gradle/caches/modules-2/files-2.1/com.vaadin.external.google/android-json/0.0.20131108.vaadin1/fa26d351fe62a6a17f5cda1287c1c6110dec413f/android-json-0.0.20131108.vaadin1.jar:/home/yesid/.gradle/caches/modules-2/files-2.1/ch.qos.logback/logback-classic/1.1.11/ccedfbacef4a6515d2983e3f89ed753d5d4fb665/logback-classic-1.1.11.jar:/home/yesid/.gradle/caches/modules-2/files-2.1/org.slf4j/jcl-over-slf4j/1.7.26/33fbc2d93de829fa5e263c5ce97f5eab8f57d53e/jcl-over-slf4j-1.7.26.jar:/home/yesid/.gradle/caches/modules-2/files-2.1/org.slf4j/jul-to-slf4j/1.7.26/8031352b2bb0a49e67818bf04c027aa92e645d5c/jul-to-slf4j-1.7.26.jar:/home/yesid/.gradle/caches/modules-2/files-2.1/org.slf4j/log4j-over-slf4j/1.7.26/daeb21c5e35d77d550e721c4cf5aaa716496d31a/log4j-over-slf4j-1.7.26.jar:/home/yesid/.gradle/caches/modules-2/files-2.1/org.apache.tomcat/tomcat-annotations-api/8.5.40/65e43fa46456f94c6685735e61270f212d9d7483/tomcat-annotations-api-8.5.40.jar:/home/yesid/.gradle/caches/modules-2/files-2.1/net.minidev/accessors-smart/1.1/a527213f2fea112a04c9bdf0ec0264e34104cd08/accessors-smart-1.1.jar:/home/yesid/.gradle/caches/modules-2/files-2.1/ch.qos.logback/logback-core/1.1.11/88b8df40340eed549fb07e2613879bf6b006704d/logback-core-1.1.11.jar:/home/yesid/.gradle/caches/modules-2/files-2.1/org.ow2.asm/asm/5.0.3/dcc2193db20e19e1feca8b1240dbbc4e190824fa/asm-5.0.3.jar, user.name=yesid, java.vm.specification.version=1.8, sun.java.command=worker.org.gradle.process.internal.worker.GradleWorkerMain 'Gradle Test Executor 1', java.home=/opt/jdk1.8.0_151/jre, sun.arch.data.model=64, user.language=en, java.specification.vendor=Oracle Corporation, awt.toolkit=sun.awt.X11.XToolkit, java.vm.info=mixed mode, java.version=1.8.0_151, java.ext.dirs=/opt/jdk1.8.0_151/jre/lib/ext:/usr/java/packages/lib/ext, sun.boot.class.path=/opt/jdk1.8.0_151/jre/lib/resources.jar:/opt/jdk1.8.0_151/jre/lib/rt.jar:/opt/jdk1.8.0_151/jre/lib/sunrsasign.jar:/opt/jdk1.8.0_151/jre/lib/jsse.jar:/opt/jdk1.8.0_151/jre/lib/jce.jar:/opt/jdk1.8.0_151/jre/lib/charsets.jar:/opt/jdk1.8.0_151/jre/lib/jfr.jar:/opt/jdk1.8.0_151/jre/classes, java.vendor=Oracle Corporation, org.gradle.test.worker=1, file.separator=/, java.vendor.url.bug=http://bugreport.sun.com/bugreport/, sun.io.unicode.encoding=UnicodeLittle, sun.cpu.endian=little, sun.desktop=gnome, sun.cpu.isalist=}}, SystemEnvironmentPropertySource@623281995 {name='systemEnvironment', properties={PATH=/home/yesid/.minishift/cache/oc/v3.11.157/linux:/opt/maven/bin:/usr/local/sbin:/usr/local/bin:/usr/sbin:/usr/bin:/sbin:/bin:/usr/games:/usr/local/games:/opt/idea-IU-182.4505.22/bin:/home/yesid/.local/bin/stack:/opt/maven:/snap/bin:/home/yesid/bin:/opt/jdk1.8.0_151/bin, LC_MEASUREMENT=es_CO.UTF-8, XAUTHORITY=/run/user/1000/gdm/Xauthority, XMODIFIERS=@im=ibus, LC_TELEPHONE=es_CO.UTF-8, XDG_DATA_DIRS=/usr/share/ubuntu:/usr/local/share/:/usr/share/:/var/lib/snapd/desktop, GDMSESSION=ubuntu, MANDATORY_PATH=/usr/share/gconf/ubuntu.mandatory.path, LC_TIME=es_CO.UTF-8, TEXTDOMAINDIR=/usr/share/locale/, GTK_IM_MODULE=ibus, DBUS_SESSION_BUS_ADDRESS=unix:path=/run/user/1000/bus, DEFAULTS_PATH=/usr/share/gconf/ubuntu.default.path, XDG_CURRENT_DESKTOP=ubuntu:GNOME, MAVEN_HOME=/opt/maven, SSH_AGENT_PID=2419, DESKTOP_AUTOSTART_ID=109ffd7a05349815de158671612819193600000022830007, COLORTERM=truecolor, QT4_IM_MODULE=xim, SESSION_MANAGER=local/yesid-spectre-x360-ubuntu:@/tmp/.ICE-unix/2283,unix/yesid-spectre-x360-ubuntu:/tmp/.ICE-unix/2283, LC_PAPER=es_CO.UTF-8, USERNAME=yesid, MINISHIFT_PASSWORD=jGaitan48, LOGNAME=yesid, PWD=/home/yesid/Documents/workspace-sts-3.9.9.RELEASE/swtest, IM_CONFIG_PHASE=2, LESSOPEN=| /usr/bin/lesspipe %s, SHELL=/bin/bash, LC_ADDRESS=es_CO.UTF-8, GTK2_MODULES=overlay-scrollbar, OLDPWD=/home/yesid/Documents/workspace-sts-3.9.9.RELEASE/swtest, GNOME_DESKTOP_SESSION_ID=this-is-deprecated, GNOME_TERMINAL_SCREEN=/org/gnome/Terminal/screen/45942270_0906_45ca_9a29_266a58abe78a, GTK_MODULES=gail:atk-bridge, CLUTTER_IM_MODULE=xim, TEXTDOMAIN=im-config, M2_HOME=/opt/maven, LS_COLORS=rs=0:di=01;34:ln=01;36:mh=00:pi=40;33:so=01;35:do=01;35:bd=40;33;01:cd=40;33;01:or=40;31;01:mi=00:su=37;41:sg=30;43:ca=30;41:tw=30;42:ow=34;42:st=37;44:ex=01;32:*.tar=01;31:*.tgz=01;31:*.arc=01;31:*.arj=01;31:*.taz=01;31:*.lha=01;31:*.lz4=01;31:*.lzh=01;31:*.lzma=01;31:*.tlz=01;31:*.txz=01;31:*.tzo=01;31:*.t7z=01;31:*.zip=01;31:*.z=01;31:*.Z=01;31:*.dz=01;31:*.gz=01;31:*.lrz=01;31:*.lz=01;31:*.lzo=01;31:*.xz=01;31:*.zst=01;31:*.tzst=01;31:*.bz2=01;31:*.bz=01;31:*.tbz=01;31:*.tbz2=01;31:*.tz=01;31:*.deb=01;31:*.rpm=01;31:*.jar=01;31:*.war=01;31:*.ear=01;31:*.sar=01;31:*.rar=01;31:*.alz=01;31:*.ace=01;31:*.zoo=01;31:*.cpio=01;31:*.7z=01;31:*.rz=01;31:*.cab=01;31:*.wim=01;31:*.swm=01;31:*.dwm=01;31:*.esd=01;31:*.jpg=01;35:*.jpeg=01;35:*.mjpg=01;35:*.mjpeg=01;35:*.gif=01;35:*.bmp=01;35:*.pbm=01;35:*.pgm=01;35:*.ppm=01;35:*.tga=01;35:*.xbm=01;35:*.xpm=01;35:*.tif=01;35:*.tiff=01;35:*.png=01;35:*.svg=01;35:*.svgz=01;35:*.mng=01;35:*.pcx=01;35:*.mov=01;35:*.mpg=01;35:*.mpeg=01;35:*.m2v=01;35:*.mkv=01;35:*.webm=01;35:*.ogm=01;35:*.mp4=01;35:*.m4v=01;35:*.mp4v=01;35:*.vob=01;35:*.qt=01;35:*.nuv=01;35:*.wmv=01;35:*.asf=01;35:*.rm=01;35:*.rmvb=01;35:*.flc=01;35:*.avi=01;35:*.fli=01;35:*.flv=01;35:*.gl=01;35:*.dl=01;35:*.xcf=01;35:*.xwd=01;35:*.yuv=01;35:*.cgm=01;35:*.emf=01;35:*.ogv=01;35:*.ogx=01;35:*.aac=00;36:*.au=00;36:*.flac=00;36:*.m4a=00;36:*.mid=00;36:*.midi=00;36:*.mka=00;36:*.mp3=00;36:*.mpc=00;36:*.ogg=00;36:*.ra=00;36:*.wav=00;36:*.oga=00;36:*.opus=00;36:*.spx=00;36:*.xspf=00;36:, XDG_SESSION_DESKTOP=ubuntu, SHLVL=1, MINISHIFT_USERNAME=yeavella@gmail.com, LC_IDENTIFICATION=es_CO.UTF-8, LESSCLOSE=/usr/bin/lesspipe %s %s, LC_MONETARY=es_CO.UTF-8, QT_IM_MODULE=ibus, JAVA_HOME=/opt/jdk1.8.0_151, TERM=xterm-256color, GNOME_TERMINAL_SERVICE=:1.113, XFILESEARCHPATH=/usr/dt/app-defaults/%L/Dt, XDG_CONFIG_DIRS=/etc/xdg/xdg-ubuntu:/etc/xdg, LANG=en_US.UTF-8, XDG_SESSION_ID=2, XDG_SESSION_TYPE=x11, DISPLAY=:0, LIBVIRT_DEFAULT_URI=qemu:///system, LC_NAME=es_CO.UTF-8, _=/bin/sh, GPG_AGENT_INFO=/run/user/1000/gnupg/S.gpg-agent:0:1, DESKTOP_SESSION=ubuntu, USER=yesid, XDG_MENU_PREFIX=gnome-, VTE_VERSION=5202, QT_ACCESSIBILITY=1, WINDOWPATH=2, LC_NUMERIC=es_CO.UTF-8, SSH_AUTH_SOCK=/run/user/1000/keyring/ssh, XDG_SEAT=seat0, NLSPATH=/usr/dt/lib/nls/msg/%L/%N.cat, GNOME_SHELL_SESSION_MODE=ubuntu, XDG_VTNR=2, XDG_RUNTIME_DIR=/run/user/1000, HOME=/home/yesid}}]
00:33:40.974 [Test worker] DEBUG org.springframework.core.io.support.PathMatchingResourcePatternResolver - Resolved classpath location [com/avanti/swtest/api/] to resources [URL [file:/home/yesid/Documents/workspace-sts-3.9.9.RELEASE/swtest/build/classes/test/com/avanti/swtest/api/], URL [file:/home/yesid/Documents/workspace-sts-3.9.9.RELEASE/swtest/build/classes/main/com/avanti/swtest/api/]]
00:33:40.975 [Test worker] DEBUG org.springframework.core.io.support.PathMatchingResourcePatternResolver - Looking for matching resources in directory tree [/home/yesid/Documents/workspace-sts-3.9.9.RELEASE/swtest/build/classes/test/com/avanti/swtest/api]
00:33:40.977 [Test worker] DEBUG org.springframework.core.io.support.PathMatchingResourcePatternResolver - Searching directory [/home/yesid/Documents/workspace-sts-3.9.9.RELEASE/swtest/build/classes/test/com/avanti/swtest/api] for files matching pattern [/home/yesid/Documents/workspace-sts-3.9.9.RELEASE/swtest/build/classes/test/com/avanti/swtest/api/*.class]
00:33:40.980 [Test worker] DEBUG org.springframework.core.io.support.PathMatchingResourcePatternResolver - Looking for matching resources in directory tree [/home/yesid/Documents/workspace-sts-3.9.9.RELEASE/swtest/build/classes/main/com/avanti/swtest/api]
00:33:40.981 [Test worker] DEBUG org.springframework.core.io.support.PathMatchingResourcePatternResolver - Searching directory [/home/yesid/Documents/workspace-sts-3.9.9.RELEASE/swtest/build/classes/main/com/avanti/swtest/api] for files matching pattern [/home/yesid/Documents/workspace-sts-3.9.9.RELEASE/swtest/build/classes/main/com/avanti/swtest/api/*.class]
00:33:40.982 [Test worker] DEBUG org.springframework.core.io.support.PathMatchingResourcePatternResolver - Resolved location pattern [classpath*:com/avanti/swtest/api/*.class] to resources [file [/home/yesid/Documents/workspace-sts-3.9.9.RELEASE/swtest/build/classes/test/com/avanti/swtest/api/IssApiTest.class], file [/home/yesid/Documents/workspace-sts-3.9.9.RELEASE/swtest/build/classes/main/com/avanti/swtest/api/ISSInfoProvider.class], file [/home/yesid/Documents/workspace-sts-3.9.9.RELEASE/swtest/build/classes/main/com/avanti/swtest/api/IssApi.class], file [/home/yesid/Documents/workspace-sts-3.9.9.RELEASE/swtest/build/classes/main/com/avanti/swtest/api/WheretheissApiCaller.class]]
00:33:41.007 [Test worker] DEBUG org.springframework.core.io.support.PathMatchingResourcePatternResolver - Resolved classpath location [com/avanti/swtest/] to resources [URL [file:/home/yesid/Documents/workspace-sts-3.9.9.RELEASE/swtest/build/classes/test/com/avanti/swtest/], URL [file:/home/yesid/Documents/workspace-sts-3.9.9.RELEASE/swtest/build/classes/main/com/avanti/swtest/]]
00:33:41.007 [Test worker] DEBUG org.springframework.core.io.support.PathMatchingResourcePatternResolver - Looking for matching resources in directory tree [/home/yesid/Documents/workspace-sts-3.9.9.RELEASE/swtest/build/classes/test/com/avanti/swtest]
00:33:41.007 [Test worker] DEBUG org.springframework.core.io.support.PathMatchingResourcePatternResolver - Searching directory [/home/yesid/Documents/workspace-sts-3.9.9.RELEASE/swtest/build/classes/test/com/avanti/swtest] for files matching pattern [/home/yesid/Documents/workspace-sts-3.9.9.RELEASE/swtest/build/classes/test/com/avanti/swtest/*.class]
00:33:41.008 [Test worker] DEBUG org.springframework.core.io.support.PathMatchingResourcePatternResolver - Looking for matching resources in directory tree [/home/yesid/Documents/workspace-sts-3.9.9.RELEASE/swtest/build/classes/main/com/avanti/swtest]
00:33:41.008 [Test worker] DEBUG org.springframework.core.io.support.PathMatchingResourcePatternResolver - Searching directory [/home/yesid/Documents/workspace-sts-3.9.9.RELEASE/swtest/build/classes/main/com/avanti/swtest] for files matching pattern [/home/yesid/Documents/workspace-sts-3.9.9.RELEASE/swtest/build/classes/main/com/avanti/swtest/*.class]
00:33:41.009 [Test worker] DEBUG org.springframework.core.io.support.PathMatchingResourcePatternResolver - Resolved location pattern [classpath*:com/avanti/swtest/*.class] to resources [file [/home/yesid/Documents/workspace-sts-3.9.9.RELEASE/swtest/build/classes/main/com/avanti/swtest/SwtestApplication.class]]
00:33:41.038 [Test worker] DEBUG org.springframework.context.annotation.ClassPathScanningCandidateComponentProvider - Identified candidate component class: file [/home/yesid/Documents/workspace-sts-3.9.9.RELEASE/swtest/build/classes/main/com/avanti/swtest/SwtestApplication.class]
00:33:41.039 [Test worker] INFO org.springframework.boot.test.context.SpringBootTestContextBootstrapper - Found @SpringBootConfiguration com.avanti.swtest.SwtestApplication for test class com.avanti.swtest.api.IssApiTest
00:33:41.042 [Test worker] DEBUG org.springframework.boot.test.context.SpringBootTestContextBootstrapper - @TestExecutionListeners is not present for class [com.avanti.swtest.api.IssApiTest]: using defaults.
00:33:41.045 [Test worker] INFO org.springframework.boot.test.context.SpringBootTestContextBootstrapper - Loaded default TestExecutionListener class names from location [META-INF/spring.factories]: [org.springframework.boot.test.mock.mockito.MockitoTestExecutionListener, org.springframework.boot.test.mock.mockito.ResetMocksTestExecutionListener, org.springframework.boot.test.autoconfigure.restdocs.RestDocsTestExecutionListener, org.springframework.boot.test.autoconfigure.web.client.MockRestServiceServerResetTestExecutionListener, org.springframework.boot.test.autoconfigure.web.servlet.MockMvcPrintOnlyOnFailureTestExecutionListener, org.springframework.boot.test.autoconfigure.web.servlet.WebDriverTestExecutionListener, org.springframework.test.context.web.ServletTestExecutionListener, org.springframework.test.context.support.DirtiesContextBeforeModesTestExecutionListener, org.springframework.test.context.support.DependencyInjectionTestExecutionListener, org.springframework.test.context.support.DirtiesContextTestExecutionListener, org.springframework.test.context.transaction.TransactionalTestExecutionListener, org.springframework.test.context.jdbc.SqlScriptsTestExecutionListener]
00:33:41.056 [Test worker] DEBUG org.springframework.boot.test.context.SpringBootTestContextBootstrapper - Could not instantiate TestExecutionListener [org.springframework.test.context.transaction.TransactionalTestExecutionListener]. Specify custom listener classes or make the default listener classes (and their required dependencies) available. Offending class: [org/springframework/transaction/TransactionDefinition]
00:33:41.057 [Test worker] DEBUG org.springframework.boot.test.context.SpringBootTestContextBootstrapper - Could not instantiate TestExecutionListener [org.springframework.test.context.jdbc.SqlScriptsTestExecutionListener]. Specify custom listener classes or make the default listener classes (and their required dependencies) available. Offending class: [org/springframework/transaction/interceptor/TransactionAttribute]
00:33:41.058 [Test worker] INFO org.springframework.boot.test.context.SpringBootTestContextBootstrapper - Using TestExecutionListeners: [org.springframework.test.context.web.ServletTestExecutionListener@f84071c, org.springframework.test.context.support.DirtiesContextBeforeModesTestExecutionListener@4c1463a0, org.springframework.boot.test.mock.mockito.MockitoTestExecutionListener@7d3f00b7, org.springframework.boot.test.autoconfigure.SpringBootDependencyInjectionTestExecutionListener@7b416c51, org.springframework.test.context.support.DirtiesContextTestExecutionListener@54d238c2, org.springframework.boot.test.mock.mockito.ResetMocksTestExecutionListener@3bb4589b, org.springframework.boot.test.autoconfigure.restdocs.RestDocsTestExecutionListener@3e0bdde2, org.springframework.boot.test.autoconfigure.web.client.MockRestServiceServerResetTestExecutionListener@4e580d96, org.springframework.boot.test.autoconfigure.web.servlet.MockMvcPrintOnlyOnFailureTestExecutionListener@b8928b7, org.springframework.boot.test.autoconfigure.web.servlet.WebDriverTestExecutionListener@1260d9dd]
00:33:41.059 [Test worker] DEBUG org.springframework.test.annotation.ProfileValueUtils - Retrieved @ProfileValueSourceConfiguration [null] for test class [com.avanti.swtest.api.IssApiTest]
00:33:41.060 [Test worker] DEBUG org.springframework.test.annotation.ProfileValueUtils - Retrieved ProfileValueSource type [class org.springframework.test.annotation.SystemProfileValueSource] for class [com.avanti.swtest.api.IssApiTest]
00:33:41.060 [Test worker] DEBUG org.springframework.test.annotation.ProfileValueUtils - Retrieved @ProfileValueSourceConfiguration [null] for test class [com.avanti.swtest.api.IssApiTest]
00:33:41.060 [Test worker] DEBUG org.springframework.test.annotation.ProfileValueUtils - Retrieved ProfileValueSource type [class org.springframework.test.annotation.SystemProfileValueSource] for class [com.avanti.swtest.api.IssApiTest]
00:33:41.064 [Test worker] DEBUG org.springframework.test.context.support.AbstractDirtiesContextTestExecutionListener - Before test class: context [DefaultTestContext@688b0319 testClass = IssApiTest, testInstance = [null], testMethod = [null], testException = [null], mergedContextConfiguration = [WebMergedContextConfiguration@16124162 testClass = IssApiTest, locations = '{}', classes = '{class com.avanti.swtest.SwtestApplication}', contextInitializerClasses = '[]', activeProfiles = '{}', propertySourceLocations = '{}', propertySourceProperties = '{org.springframework.boot.test.context.SpringBootTestContextBootstrapper=true}', contextCustomizers = set[org.springframework.boot.test.context.SpringBootTestContextCustomizer@16f5ad2f, org.springframework.boot.test.context.filter.ExcludeFilterContextCustomizer@6ba490c8, org.springframework.boot.test.json.DuplicateJsonObjectContextCustomizerFactory$DuplicateJsonObjectContextCustomizer@67df5977, org.springframework.boot.test.mock.mockito.MockitoContextCustomizer@0, org.springframework.boot.test.autoconfigure.properties.PropertyMappingContextCustomizer@0, org.springframework.boot.test.autoconfigure.web.servlet.WebDriverContextCustomizerFactory$Customizer@350e8e00], resourceBasePath = 'src/main/webapp', contextLoader = 'org.springframework.boot.test.context.SpringBootContextLoader', parent = [null]]], class annotated with @DirtiesContext [false] with mode [null].
00:33:41.064 [Test worker] DEBUG org.springframework.test.annotation.ProfileValueUtils - Retrieved @ProfileValueSourceConfiguration [null] for test class [com.avanti.swtest.api.IssApiTest]
00:33:41.064 [Test worker] DEBUG org.springframework.test.annotation.ProfileValueUtils - Retrieved ProfileValueSource type [class org.springframework.test.annotation.SystemProfileValueSource] for class [com.avanti.swtest.api.IssApiTest]
00:33:41.138 [Test worker] DEBUG org.springframework.core.env.StandardEnvironment - Adding PropertySource 'systemProperties' with lowest search precedence
00:33:41.138 [Test worker] DEBUG org.springframework.core.env.StandardEnvironment - Adding PropertySource 'systemEnvironment' with lowest search precedence
00:33:41.138 [Test worker] DEBUG org.springframework.core.env.StandardEnvironment - Initialized StandardEnvironment with PropertySources [MapPropertySource@2041342155 {name='systemProperties', properties={java.runtime.name=Java(TM) SE Runtime Environment, sun.boot.library.path=/opt/jdk1.8.0_151/jre/lib/amd64, java.vm.version=25.151-b12, java.vm.vendor=Oracle Corporation, java.vendor.url=http://java.oracle.com/, path.separator=:, java.vm.name=Java HotSpot(TM) 64-Bit Server VM, file.encoding.pkg=sun.io, sun.java.launcher=SUN_STANDARD, user.country=US, sun.os.patch.level=unknown, java.vm.specification.name=Java Virtual Machine Specification, user.dir=/home/yesid/Documents/workspace-sts-3.9.9.RELEASE/swtest, java.runtime.version=1.8.0_151-b12, java.awt.graphicsenv=sun.awt.X11GraphicsEnvironment, java.endorsed.dirs=/opt/jdk1.8.0_151/jre/lib/endorsed, os.arch=amd64, java.io.tmpdir=/tmp, line.separator=
, java.vm.specification.vendor=Oracle Corporation, user.variant=, os.name=Linux, sun.jnu.encoding=UTF-8, java.library.path=/usr/java/packages/lib/amd64:/usr/lib64:/lib64:/lib:/usr/lib, java.specification.name=Java Platform API Specification, java.class.version=52.0, sun.management.compiler=HotSpot 64-Bit Tiered Compilers, os.version=4.15.0-96-generic, user.home=/home/yesid, user.timezone=Europe/London, java.awt.printerjob=sun.print.PSPrinterJob, file.encoding=UTF-8, java.specification.version=1.8, java.class.path=/home/yesid/Documents/workspace-sts-3.9.9.RELEASE/swtest/build/classes/test:/home/yesid/Documents/workspace-sts-3.9.9.RELEASE/swtest/build/resources/test:/home/yesid/Documents/workspace-sts-3.9.9.RELEASE/swtest/build/classes/main:/home/yesid/Documents/workspace-sts-3.9.9.RELEASE/swtest/build/resources/main:/home/yesid/.gradle/caches/modules-2/files-2.1/org.springframework.boot/spring-boot-starter-web/1.5.21.RELEASE/8e56fe185ac8ed0a5061449362daa2176661ae0f/spring-boot-starter-web-1.5.21.RELEASE.jar:/home/yesid/.gradle/caches/modules-2/files-2.1/org.springframework.boot/spring-boot-starter-test/1.5.21.RELEASE/835a0604b81185fd16fa63db55254bed9f7d5ec4/spring-boot-starter-test-1.5.21.RELEASE.jar:/home/yesid/.gradle/caches/modules-2/files-2.1/com.fasterxml.jackson.core/jackson-databind/2.8.11.3/844df5aba5a1a56e00905b165b12bb34116ee858/jackson-databind-2.8.11.3.jar:/home/yesid/.gradle/caches/modules-2/files-2.1/org.springframework.boot/spring-boot-starter/1.5.21.RELEASE/81390f36f14691a0e92a579ea3cc7ed5090ac07c/spring-boot-starter-1.5.21.RELEASE.jar:/home/yesid/.gradle/caches/modules-2/files-2.1/org.springframework.boot/spring-boot-starter-tomcat/1.5.21.RELEASE/28b3ac0b242ecc6e7f4db565f9a397b1ebb6656d/spring-boot-starter-tomcat-1.5.21.RELEASE.jar:/home/yesid/.gradle/caches/modules-2/files-2.1/org.hibernate/hibernate-validator/5.3.6.Final/4c730be8bf55a8e9a61e79a2f2c079abf48b718/hibernate-validator-5.3.6.Final.jar:/home/yesid/.gradle/caches/modules-2/files-2.1/org.springframework/spring-web/4.3.24.RELEASE/6b7b238a2b9bf126c262a43a340c1aabaac02447/spring-web-4.3.24.RELEASE.jar:/home/yesid/.gradle/caches/modules-2/files-2.1/org.springframework/spring-webmvc/4.3.24.RELEASE/94a9ab10c8e321e1908dfdcd340f72c1078eeb9b/spring-webmvc-4.3.24.RELEASE.jar:/home/yesid/.gradle/caches/modules-2/files-2.1/org.springframework.boot/spring-boot-test/1.5.21.RELEASE/d5212c795b4f278fa9e9fc6fd622f4acd53225c0/spring-boot-test-1.5.21.RELEASE.jar:/home/yesid/.gradle/caches/modules-2/files-2.1/org.springframework.boot/spring-boot-test-autoconfigure/1.5.21.RELEASE/e91a49d7000511e00fad1cdcd3276fb80836700/spring-boot-test-autoconfigure-1.5.21.RELEASE.jar:/home/yesid/.gradle/caches/modules-2/files-2.1/com.jayway.jsonpath/json-path/2.2.0/22290d17944bd239fabf5ac69005a60a7ecbbbcb/json-path-2.2.0.jar:/home/yesid/.gradle/caches/modules-2/files-2.1/junit/junit/4.12/2973d150c0dc1fefe998f834810d68f278ea58ec/junit-4.12.jar:/home/yesid/.gradle/caches/modules-2/files-2.1/org.assertj/assertj-core/2.6.0/b532c3fc4f66bcfee4989a3514f1cd56203a33ad/assertj-core-2.6.0.jar:/home/yesid/.gradle/caches/modules-2/files-2.1/org.mockito/mockito-core/1.10.19/e8546f5bef4e061d8dd73895b4e8f40e3fe6effe/mockito-core-1.10.19.jar:/home/yesid/.gradle/caches/modules-2/files-2.1/org.hamcrest/hamcrest-core/1.3/42a25dc3219429f0e5d060061f71acb49bf010a0/hamcrest-core-1.3.jar:/home/yesid/.gradle/caches/modules-2/files-2.1/org.hamcrest/hamcrest-library/1.3/4785a3c21320980282f9f33d0d1264a69040538f/hamcrest-library-1.3.jar:/home/yesid/.gradle/caches/modules-2/files-2.1/org.skyscreamer/jsonassert/1.4.0/9cdbb373a06f6513e51e8c545ee6a5e981463edb/jsonassert-1.4.0.jar:/home/yesid/.gradle/caches/modules-2/files-2.1/org.springframework/spring-core/4.3.24.RELEASE/bb5a008df42823caca680824245d0398567da2e5/spring-core-4.3.24.RELEASE.jar:/home/yesid/.gradle/caches/modules-2/files-2.1/org.springframework/spring-test/4.3.24.RELEASE/2982cea0e917044294b6eb87d8e86e78a43feca3/spring-test-4.3.24.RELEASE.jar:/home/yesid/.gradle/caches/modules-2/files-2.1/com.fasterxml.jackson.core/jackson-annotations/2.8.0/45b426f7796b741035581a176744d91090e2e6fb/jackson-annotations-2.8.0.jar:/home/yesid/.gradle/caches/modules-2/files-2.1/com.fasterxml.jackson.core/jackson-core/2.8.11/876ead1db19f0c9e79c9789273a3ef8c6fd6c29b/jackson-core-2.8.11.jar:/home/yesid/.gradle/caches/modules-2/files-2.1/org.springframework.boot/spring-boot/1.5.21.RELEASE/bb45ab54024ea92630c7b134755a1e7ab3e16779/spring-boot-1.5.21.RELEASE.jar:/home/yesid/.gradle/caches/modules-2/files-2.1/org.springframework.boot/spring-boot-autoconfigure/1.5.21.RELEASE/b82cf22fa4256c7d196187cde38d11a49d1d10fb/spring-boot-autoconfigure-1.5.21.RELEASE.jar:/home/yesid/.gradle/caches/modules-2/files-2.1/org.springframework.boot/spring-boot-starter-logging/1.5.21.RELEASE/9d75e9c0e4b0def21878fde40e36367a62bee4c0/spring-boot-starter-logging-1.5.21.RELEASE.jar:/home/yesid/.gradle/caches/modules-2/files-2.1/org.yaml/snakeyaml/1.17/7a27ea250c5130b2922b86dea63cbb1cc10a660c/snakeyaml-1.17.jar:/home/yesid/.gradle/caches/modules-2/files-2.1/org.apache.tomcat.embed/tomcat-embed-core/8.5.40/c2252334e4de59419627a42db1196171ee50049a/tomcat-embed-core-8.5.40.jar:/home/yesid/.gradle/caches/modules-2/files-2.1/org.apache.tomcat.embed/tomcat-embed-el/8.5.40/1f36bb6f2770d94a4758d93820a5bb5c722c6600/tomcat-embed-el-8.5.40.jar:/home/yesid/.gradle/caches/modules-2/files-2.1/org.apache.tomcat.embed/tomcat-embed-websocket/8.5.40/250bf6b3839f8c710a46bfecc8bb461d7e42bfcb/tomcat-embed-websocket-8.5.40.jar:/home/yesid/.gradle/caches/modules-2/files-2.1/javax.validation/validation-api/1.1.0.Final/8613ae82954779d518631e05daa73a6a954817d5/validation-api-1.1.0.Final.jar:/home/yesid/.gradle/caches/modules-2/files-2.1/org.jboss.logging/jboss-logging/3.3.2.Final/3789d00e859632e6c6206adc0c71625559e6e3b0/jboss-logging-3.3.2.Final.jar:/home/yesid/.gradle/caches/modules-2/files-2.1/com.fasterxml/classmate/1.3.4/3d5f48f10bbe4eb7bd862f10c0583be2e0053c6/classmate-1.3.4.jar:/home/yesid/.gradle/caches/modules-2/files-2.1/org.springframework/spring-aop/4.3.24.RELEASE/5a8b8a8768cc4f18e082e1e2f6c1fd72b1deb610/spring-aop-4.3.24.RELEASE.jar:/home/yesid/.gradle/caches/modules-2/files-2.1/org.springframework/spring-beans/4.3.24.RELEASE/522adf0f0973188ce5b4e17fd214cceb5c1904fa/spring-beans-4.3.24.RELEASE.jar:/home/yesid/.gradle/caches/modules-2/files-2.1/org.springframework/spring-context/4.3.24.RELEASE/926edb9495a34a3b687add073ee72d2b856d6895/spring-context-4.3.24.RELEASE.jar:/home/yesid/.gradle/caches/modules-2/files-2.1/org.springframework/spring-expression/4.3.24.RELEASE/458aa5086c378489dde64566a25925823159b6e6/spring-expression-4.3.24.RELEASE.jar:/home/yesid/.gradle/caches/modules-2/files-2.1/net.minidev/json-smart/2.2.1/5b9e5df7a62d1279b70dc882b041d249c4f0b002/json-smart-2.2.1.jar:/home/yesid/.gradle/caches/modules-2/files-2.1/org.slf4j/slf4j-api/1.7.26/77100a62c2e6f04b53977b9f541044d7d722693d/slf4j-api-1.7.26.jar:/home/yesid/.gradle/caches/modules-2/files-2.1/org.objenesis/objenesis/2.1/87c0ea803b69252868d09308b4618f766f135a96/objenesis-2.1.jar:/home/yesid/.gradle/caches/modules-2/files-2.1/com.vaadin.external.google/android-json/0.0.20131108.vaadin1/fa26d351fe62a6a17f5cda1287c1c6110dec413f/android-json-0.0.20131108.vaadin1.jar:/home/yesid/.gradle/caches/modules-2/files-2.1/ch.qos.logback/logback-classic/1.1.11/ccedfbacef4a6515d2983e3f89ed753d5d4fb665/logback-classic-1.1.11.jar:/home/yesid/.gradle/caches/modules-2/files-2.1/org.slf4j/jcl-over-slf4j/1.7.26/33fbc2d93de829fa5e263c5ce97f5eab8f57d53e/jcl-over-slf4j-1.7.26.jar:/home/yesid/.gradle/caches/modules-2/files-2.1/org.slf4j/jul-to-slf4j/1.7.26/8031352b2bb0a49e67818bf04c027aa92e645d5c/jul-to-slf4j-1.7.26.jar:/home/yesid/.gradle/caches/modules-2/files-2.1/org.slf4j/log4j-over-slf4j/1.7.26/daeb21c5e35d77d550e721c4cf5aaa716496d31a/log4j-over-slf4j-1.7.26.jar:/home/yesid/.gradle/caches/modules-2/files-2.1/org.apache.tomcat/tomcat-annotations-api/8.5.40/65e43fa46456f94c6685735e61270f212d9d7483/tomcat-annotations-api-8.5.40.jar:/home/yesid/.gradle/caches/modules-2/files-2.1/net.minidev/accessors-smart/1.1/a527213f2fea112a04c9bdf0ec0264e34104cd08/accessors-smart-1.1.jar:/home/yesid/.gradle/caches/modules-2/files-2.1/ch.qos.logback/logback-core/1.1.11/88b8df40340eed549fb07e2613879bf6b006704d/logback-core-1.1.11.jar:/home/yesid/.gradle/caches/modules-2/files-2.1/org.ow2.asm/asm/5.0.3/dcc2193db20e19e1feca8b1240dbbc4e190824fa/asm-5.0.3.jar, user.name=yesid, java.vm.specification.version=1.8, sun.java.command=worker.org.gradle.process.internal.worker.GradleWorkerMain 'Gradle Test Executor 1', java.home=/opt/jdk1.8.0_151/jre, sun.arch.data.model=64, user.language=en, java.specification.vendor=Oracle Corporation, awt.toolkit=sun.awt.X11.XToolkit, java.vm.info=mixed mode, java.version=1.8.0_151, java.ext.dirs=/opt/jdk1.8.0_151/jre/lib/ext:/usr/java/packages/lib/ext, sun.boot.class.path=/opt/jdk1.8.0_151/jre/lib/resources.jar:/opt/jdk1.8.0_151/jre/lib/rt.jar:/opt/jdk1.8.0_151/jre/lib/sunrsasign.jar:/opt/jdk1.8.0_151/jre/lib/jsse.jar:/opt/jdk1.8.0_151/jre/lib/jce.jar:/opt/jdk1.8.0_151/jre/lib/charsets.jar:/opt/jdk1.8.0_151/jre/lib/jfr.jar:/opt/jdk1.8.0_151/jre/classes, java.vendor=Oracle Corporation, org.gradle.test.worker=1, file.separator=/, java.vendor.url.bug=http://bugreport.sun.com/bugreport/, sun.io.unicode.encoding=UnicodeLittle, sun.cpu.endian=little, sun.desktop=gnome, sun.cpu.isalist=}}, SystemEnvironmentPropertySource@1843304107 {name='systemEnvironment', properties={PATH=/home/yesid/.minishift/cache/oc/v3.11.157/linux:/opt/maven/bin:/usr/local/sbin:/usr/local/bin:/usr/sbin:/usr/bin:/sbin:/bin:/usr/games:/usr/local/games:/opt/idea-IU-182.4505.22/bin:/home/yesid/.local/bin/stack:/opt/maven:/snap/bin:/home/yesid/bin:/opt/jdk1.8.0_151/bin, LC_MEASUREMENT=es_CO.UTF-8, XAUTHORITY=/run/user/1000/gdm/Xauthority, XMODIFIERS=@im=ibus, LC_TELEPHONE=es_CO.UTF-8, XDG_DATA_DIRS=/usr/share/ubuntu:/usr/local/share/:/usr/share/:/var/lib/snapd/desktop, GDMSESSION=ubuntu, MANDATORY_PATH=/usr/share/gconf/ubuntu.mandatory.path, LC_TIME=es_CO.UTF-8, TEXTDOMAINDIR=/usr/share/locale/, GTK_IM_MODULE=ibus, DBUS_SESSION_BUS_ADDRESS=unix:path=/run/user/1000/bus, DEFAULTS_PATH=/usr/share/gconf/ubuntu.default.path, XDG_CURRENT_DESKTOP=ubuntu:GNOME, MAVEN_HOME=/opt/maven, SSH_AGENT_PID=2419, DESKTOP_AUTOSTART_ID=109ffd7a05349815de158671612819193600000022830007, COLORTERM=truecolor, QT4_IM_MODULE=xim, SESSION_MANAGER=local/yesid-spectre-x360-ubuntu:@/tmp/.ICE-unix/2283,unix/yesid-spectre-x360-ubuntu:/tmp/.ICE-unix/2283, LC_PAPER=es_CO.UTF-8, USERNAME=yesid, MINISHIFT_PASSWORD=jGaitan48, LOGNAME=yesid, PWD=/home/yesid/Documents/workspace-sts-3.9.9.RELEASE/swtest, IM_CONFIG_PHASE=2, LESSOPEN=| /usr/bin/lesspipe %s, SHELL=/bin/bash, LC_ADDRESS=es_CO.UTF-8, GTK2_MODULES=overlay-scrollbar, OLDPWD=/home/yesid/Documents/workspace-sts-3.9.9.RELEASE/swtest, GNOME_DESKTOP_SESSION_ID=this-is-deprecated, GNOME_TERMINAL_SCREEN=/org/gnome/Terminal/screen/45942270_0906_45ca_9a29_266a58abe78a, GTK_MODULES=gail:atk-bridge, CLUTTER_IM_MODULE=xim, TEXTDOMAIN=im-config, M2_HOME=/opt/maven, LS_COLORS=rs=0:di=01;34:ln=01;36:mh=00:pi=40;33:so=01;35:do=01;35:bd=40;33;01:cd=40;33;01:or=40;31;01:mi=00:su=37;41:sg=30;43:ca=30;41:tw=30;42:ow=34;42:st=37;44:ex=01;32:*.tar=01;31:*.tgz=01;31:*.arc=01;31:*.arj=01;31:*.taz=01;31:*.lha=01;31:*.lz4=01;31:*.lzh=01;31:*.lzma=01;31:*.tlz=01;31:*.txz=01;31:*.tzo=01;31:*.t7z=01;31:*.zip=01;31:*.z=01;31:*.Z=01;31:*.dz=01;31:*.gz=01;31:*.lrz=01;31:*.lz=01;31:*.lzo=01;31:*.xz=01;31:*.zst=01;31:*.tzst=01;31:*.bz2=01;31:*.bz=01;31:*.tbz=01;31:*.tbz2=01;31:*.tz=01;31:*.deb=01;31:*.rpm=01;31:*.jar=01;31:*.war=01;31:*.ear=01;31:*.sar=01;31:*.rar=01;31:*.alz=01;31:*.ace=01;31:*.zoo=01;31:*.cpio=01;31:*.7z=01;31:*.rz=01;31:*.cab=01;31:*.wim=01;31:*.swm=01;31:*.dwm=01;31:*.esd=01;31:*.jpg=01;35:*.jpeg=01;35:*.mjpg=01;35:*.mjpeg=01;35:*.gif=01;35:*.bmp=01;35:*.pbm=01;35:*.pgm=01;35:*.ppm=01;35:*.tga=01;35:*.xbm=01;35:*.xpm=01;35:*.tif=01;35:*.tiff=01;35:*.png=01;35:*.svg=01;35:*.svgz=01;35:*.mng=01;35:*.pcx=01;35:*.mov=01;35:*.mpg=01;35:*.mpeg=01;35:*.m2v=01;35:*.mkv=01;35:*.webm=01;35:*.ogm=01;35:*.mp4=01;35:*.m4v=01;35:*.mp4v=01;35:*.vob=01;35:*.qt=01;35:*.nuv=01;35:*.wmv=01;35:*.asf=01;35:*.rm=01;35:*.rmvb=01;35:*.flc=01;35:*.avi=01;35:*.fli=01;35:*.flv=01;35:*.gl=01;35:*.dl=01;35:*.xcf=01;35:*.xwd=01;35:*.yuv=01;35:*.cgm=01;35:*.emf=01;35:*.ogv=01;35:*.ogx=01;35:*.aac=00;36:*.au=00;36:*.flac=00;36:*.m4a=00;36:*.mid=00;36:*.midi=00;36:*.mka=00;36:*.mp3=00;36:*.mpc=00;36:*.ogg=00;36:*.ra=00;36:*.wav=00;36:*.oga=00;36:*.opus=00;36:*.spx=00;36:*.xspf=00;36:, XDG_SESSION_DESKTOP=ubuntu, SHLVL=1, MINISHIFT_USERNAME=yeavella@gmail.com, LC_IDENTIFICATION=es_CO.UTF-8, LESSCLOSE=/usr/bin/lesspipe %s %s, LC_MONETARY=es_CO.UTF-8, QT_IM_MODULE=ibus, JAVA_HOME=/opt/jdk1.8.0_151, TERM=xterm-256color, GNOME_TERMINAL_SERVICE=:1.113, XFILESEARCHPATH=/usr/dt/app-defaults/%L/Dt, XDG_CONFIG_DIRS=/etc/xdg/xdg-ubuntu:/etc/xdg, LANG=en_US.UTF-8, XDG_SESSION_ID=2, XDG_SESSION_TYPE=x11, DISPLAY=:0, LIBVIRT_DEFAULT_URI=qemu:///system, LC_NAME=es_CO.UTF-8, _=/bin/sh, GPG_AGENT_INFO=/run/user/1000/gnupg/S.gpg-agent:0:1, DESKTOP_SESSION=ubuntu, USER=yesid, XDG_MENU_PREFIX=gnome-, VTE_VERSION=5202, QT_ACCESSIBILITY=1, WINDOWPATH=2, LC_NUMERIC=es_CO.UTF-8, SSH_AUTH_SOCK=/run/user/1000/keyring/ssh, XDG_SEAT=seat0, NLSPATH=/usr/dt/lib/nls/msg/%L/%N.cat, GNOME_SHELL_SESSION_MODE=ubuntu, XDG_VTNR=2, XDG_RUNTIME_DIR=/run/user/1000, HOME=/home/yesid}}]
00:33:41.141 [Test worker] DEBUG org.springframework.core.env.MutablePropertySources - Adding PropertySource 'inline' with highest search precedence
00:33:41.146 [Test worker] DEBUG org.springframework.test.context.support.TestPropertySourceUtils - Adding inlined properties to environment: {spring.jmx.enabled=false, org.springframework.boot.test.context.SpringBootTestContextBootstrapper=true, server.port=-1}
00:33:41.146 [Test worker] DEBUG org.springframework.core.env.StandardEnvironment - Adding PropertySource 'Inlined Test Properties' with highest search precedence

  .   ____          _            __ _ _
 /\\ / ___'_ __ _ _(_)_ __  __ _ \ \ \ \
( ( )\___ | '_ | '_| | '_ \/ _` | \ \ \ \
 \\/  ___)| |_)| | | | | || (_| |  ) ) ) )
  '  |____| .__|_| |_|_| |_\__, | / / / /
 =========|_|==============|___/=/_/_/_/
 :: Spring Boot ::       (v1.5.21.RELEASE)

2020-04-13 00:33:41.356  INFO 13048 --- [    Test worker] com.avanti.swtest.api.IssApiTest         : Starting IssApiTest on yesid-spectre-x360-ubuntu with PID 13048 (started by yesid in /home/yesid/Documents/workspace-sts-3.9.9.RELEASE/swtest)
2020-04-13 00:33:41.357  INFO 13048 --- [    Test worker] com.avanti.swtest.api.IssApiTest         : No active profile set, falling back to default profiles: default
2020-04-13 00:33:41.405  INFO 13048 --- [    Test worker] o.s.w.c.s.GenericWebApplicationContext   : Refreshing org.springframework.web.context.support.GenericWebApplicationContext@71a7009d: startup date [Mon Apr 13 00:33:41 BST 2020]; root of context hierarchy
2020-04-13 00:33:42.904  INFO 13048 --- [    Test worker] s.w.s.m.m.a.RequestMappingHandlerAdapter : Looking for @ControllerAdvice: org.springframework.web.context.support.GenericWebApplicationContext@71a7009d: startup date [Mon Apr 13 00:33:41 BST 2020]; root of context hierarchy
2020-04-13 00:33:42.964  INFO 13048 --- [    Test worker] s.w.s.m.m.a.RequestMappingHandlerMapping : Mapped "{[/calculatedistance]}" onto public double com.avanti.swtest.api.IssApi.calculateDistance(float,double,double)
2020-04-13 00:33:42.965  INFO 13048 --- [    Test worker] s.w.s.m.m.a.RequestMappingHandlerMapping : Mapped "{[/currentposition]}" onto public com.avanti.swtest.model.ISSPosition com.avanti.swtest.api.IssApi.getCurrentPosition(float)
2020-04-13 00:33:42.966  INFO 13048 --- [    Test worker] s.w.s.m.m.a.RequestMappingHandlerMapping : Mapped "{[/test]}" onto public java.lang.String com.avanti.swtest.api.IssApi.test()
2020-04-13 00:33:42.968  INFO 13048 --- [    Test worker] s.w.s.m.m.a.RequestMappingHandlerMapping : Mapped "{[/error],produces=[text/html]}" onto public org.springframework.web.servlet.ModelAndView org.springframework.boot.autoconfigure.web.BasicErrorController.errorHtml(javax.servlet.http.HttpServletRequest,javax.servlet.http.HttpServletResponse)
2020-04-13 00:33:42.969  INFO 13048 --- [    Test worker] s.w.s.m.m.a.RequestMappingHandlerMapping : Mapped "{[/error]}" onto public org.springframework.http.ResponseEntity<java.util.Map<java.lang.String, java.lang.Object>> org.springframework.boot.autoconfigure.web.BasicErrorController.error(javax.servlet.http.HttpServletRequest)
2020-04-13 00:33:43.003  INFO 13048 --- [    Test worker] o.s.w.s.handler.SimpleUrlHandlerMapping  : Mapped URL path [/webjars/**] onto handler of type [class org.springframework.web.servlet.resource.ResourceHttpRequestHandler]
2020-04-13 00:33:43.005  INFO 13048 --- [    Test worker] o.s.w.s.handler.SimpleUrlHandlerMapping  : Mapped URL path [/**] onto handler of type [class org.springframework.web.servlet.resource.ResourceHttpRequestHandler]
2020-04-13 00:33:43.047  INFO 13048 --- [    Test worker] o.s.w.s.handler.SimpleUrlHandlerMapping  : Mapped URL path [/**/favicon.ico] onto handler of type [class org.springframework.web.servlet.resource.ResourceHttpRequestHandler]
2020-04-13 00:33:43.174  INFO 13048 --- [    Test worker] com.avanti.swtest.api.IssApiTest         : Started IssApiTest in 2.021 seconds (JVM running for 2.947)
]]></system-out>
  <system-err><![CDATA[]]></system-err>
</testsuite>
